<?xml version="1.0" encoding="UTF-8"?>
<!-- Generated by org.testng.reporters.JUnitXMLReporter -->
<testsuite hostname="DESKTOP-RL7I7P6" name="Default test" tests="3" failures="0" timestamp="10 Aug 2020 10:36:37 GMT" time="9.406" errors="0">
  <testcase name="checktitle" time="0.124" classname="com.jbk.MainPageTest"/>
  <testcase name="checktitle1" time="0.114" classname="com.jbk.MainPageTest"/>
  <testcase name="checktitle2" time="0.078" classname="com.jbk.MainPageTest"/>
</testsuite> <!-- Default test -->
