<?xml version="1.0" encoding="UTF-8"?>
<!-- Generated by org.testng.reporters.JUnitXMLReporter -->
<testsuite hostname="DESKTOP-RL7I7P6" ignored="0" name="Default test" tests="5" failures="0" timestamp="05 Aug 2019 16:55:48 GMT" time="9.134" errors="0">
  <testcase name="verifyUserLink" time="0.327" classname="com.admin.qa.testcases.UserPageTest"/>
  <testcase name="verifyUserPageTitle" time="0.015" classname="com.admin.qa.testcases.UserPageTest"/>
  <testcase name="verifyUserPageLabel" time="0.063" classname="com.admin.qa.testcases.UserPageTest"/>
  <testcase name="verifyLoginPageBtn" time="0.058" classname="com.admin.qa.testcases.UserPageTest"/>
  <testcase name="verifyadduser" time="0.319" classname="com.admin.qa.testcases.UserPageTest"/>
</testsuite> <!-- Default test -->
