<?xml version="1.0" encoding="UTF-8"?>
<!-- Generated by org.testng.reporters.JUnitXMLReporter -->
<testsuite hostname="DESKTOP-RL7I7P6" ignored="0" name="Shopcart Test" tests="10" failures="0" timestamp="01 Aug 2019 10:13:52 GMT" time="46.732" errors="0">
  <testcase name="checkclickondashboard" time="4.744" classname="com.shopcart.qa.testcases.DashBoardPageTest"/>
  <testcase name="checkclickonproduct" time="3.825" classname="com.shopcart.qa.testcases.DashBoardPageTest"/>
  <testcase name="checkclickoncategories" time="3.573" classname="com.shopcart.qa.testcases.DashBoardPageTest"/>
  <testcase name="checkclickonmanufacture" time="3.613" classname="com.shopcart.qa.testcases.DashBoardPageTest"/>
  <testcase name="checkclickonmonitoring" time="3.602" classname="com.shopcart.qa.testcases.DashBoardPageTest"/>
  <testcase name="checkclickonsupplier" time="3.582" classname="com.shopcart.qa.testcases.DashBoardPageTest"/>
  <testcase name="checkclickontag" time="3.529" classname="com.shopcart.qa.testcases.DashBoardPageTest"/>
  <testcase name="checkclickonattachment" time="3.615" classname="com.shopcart.qa.testcases.DashBoardPageTest"/>
  <testcase name="checkclickonattribute" time="3.596" classname="com.shopcart.qa.testcases.DashBoardPageTest"/>
  <testcase name="checkclickonfeature" time="3.607" classname="com.shopcart.qa.testcases.DashBoardPageTest"/>
</testsuite> <!-- Shopcart Test -->
