<?xml version="1.0" encoding="UTF-8"?>
<testng-results skipped="1" failed="0" total="1" passed="0">
  <reporter-output>
  </reporter-output>
  <suite name="Default suite" duration-ms="28" started-at="2020-02-12T12:36:20Z" finished-at="2020-02-12T12:36:20Z">
    <groups>
    </groups>
    <test name="Default test" duration-ms="28" started-at="2020-02-12T12:36:20Z" finished-at="2020-02-12T12:36:20Z">
      <class name="com.datadriven.test.DataDrivenTest">
        <test-method status="SKIP" signature="logintowordpress(java.lang.String, java.lang.String)[pri:0, instance:com.datadriven.test.DataDrivenTest@2f8f11]" name="logintowordpress" duration-ms="0" started-at="2020-02-12T18:06:20Z" data-provider="wordpressname" finished-at="2020-02-12T18:06:20Z">
          <exception class="java.lang.RuntimeException">
            <message>
              <![CDATA[java.lang.Error: Unresolved compilation problem: 
	The method getrowcount(int) is undefined for the type Excelconfig
]]>
            </message>
            <full-stacktrace>
              <![CDATA[java.lang.RuntimeException: java.lang.Error: Unresolved compilation problem: 
	The method getrowcount(int) is undefined for the type Excelconfig

	at org.testng.internal.MethodInvocationHelper.invokeDataProvider(MethodInvocationHelper.java:163)
	at org.testng.internal.Parameters.handleParameters(Parameters.java:430)
	at org.testng.internal.Invoker.handleParameters(Invoker.java:1243)
	at org.testng.internal.Invoker.createParameters(Invoker.java:992)
	at org.testng.internal.Invoker.invokeTestMethods(Invoker.java:1082)
	at org.testng.internal.TestMethodWorker.invokeTestMethods(TestMethodWorker.java:129)
	at org.testng.internal.TestMethodWorker.run(TestMethodWorker.java:112)
	at org.testng.TestRunner.privateRun(TestRunner.java:778)
	at org.testng.TestRunner.run(TestRunner.java:632)
	at org.testng.SuiteRunner.runTest(SuiteRunner.java:366)
	at org.testng.SuiteRunner.runSequentially(SuiteRunner.java:361)
	at org.testng.SuiteRunner.privateRun(SuiteRunner.java:319)
	at org.testng.SuiteRunner.run(SuiteRunner.java:268)
	at org.testng.SuiteRunnerWorker.runSuite(SuiteRunnerWorker.java:52)
	at org.testng.SuiteRunnerWorker.run(SuiteRunnerWorker.java:86)
	at org.testng.TestNG.runSuitesSequentially(TestNG.java:1225)
	at org.testng.TestNG.runSuitesLocally(TestNG.java:1150)
	at org.testng.TestNG.runSuites(TestNG.java:1075)
	at org.testng.TestNG.run(TestNG.java:1047)
	at org.testng.remote.AbstractRemoteTestNG.run(AbstractRemoteTestNG.java:126)
	at org.testng.remote.RemoteTestNG.initAndRun(RemoteTestNG.java:137)
	at org.testng.remote.RemoteTestNG.main(RemoteTestNG.java:58)
Caused by: java.lang.Error: Unresolved compilation problem: 
	The method getrowcount(int) is undefined for the type Excelconfig

	at com.datadriven.test.DataDrivenTest.passdata(DataDrivenTest.java:36)
	at sun.reflect.NativeMethodAccessorImpl.invoke0(Native Method)
	at sun.reflect.NativeMethodAccessorImpl.invoke(Unknown Source)
	at sun.reflect.DelegatingMethodAccessorImpl.invoke(Unknown Source)
	at java.lang.reflect.Method.invoke(Unknown Source)
	at org.testng.internal.MethodInvocationHelper.invokeMethod(MethodInvocationHelper.java:86)
	at org.testng.internal.MethodInvocationHelper.invokeDataProvider(MethodInvocationHelper.java:137)
	... 21 more
]]>
            </full-stacktrace>
          </exception> <!-- java.lang.RuntimeException -->
          <reporter-output>
          </reporter-output>
        </test-method> <!-- logintowordpress -->
      </class> <!-- com.datadriven.test.DataDrivenTest -->
    </test> <!-- Default test -->
  </suite> <!-- Default suite -->
</testng-results>
