<?xml version="1.0" encoding="UTF-8"?>
<testng-results skipped="0" failed="1" ignored="0" total="2" passed="1">
  <reporter-output>
  </reporter-output>
  <suite name="Default suite" duration-ms="11043" started-at="2020-08-18T06:12:34Z" finished-at="2020-08-18T06:12:45Z">
    <groups>
    </groups>
    <test name="Default test" duration-ms="11043" started-at="2020-08-18T06:12:34Z" finished-at="2020-08-18T06:12:45Z">
      <class name="Adduserdetails.AddUserPage">
        <test-method status="PASS" signature="setup()[pri:0, instance:Adduserdetails.AddUserPage@bd1b6a]" name="setup" is-config="true" duration-ms="5714" started-at="2020-08-18T11:42:34Z" finished-at="2020-08-18T11:42:40Z">
          <reporter-output>
          </reporter-output>
        </test-method> <!-- setup -->
        <test-method status="PASS" signature="Checkcolcount()[pri:0, instance:Adduserdetails.AddUserPage@bd1b6a]" name="Checkcolcount" duration-ms="819" started-at="2020-08-18T11:42:40Z" finished-at="2020-08-18T11:42:41Z">
          <reporter-output>
          </reporter-output>
        </test-method> <!-- Checkcolcount -->
        <test-method status="PASS" signature="setup()[pri:0, instance:Adduserdetails.AddUserPage@bd1b6a]" name="setup" is-config="true" duration-ms="4439" started-at="2020-08-18T11:42:41Z" finished-at="2020-08-18T11:42:45Z">
          <reporter-output>
          </reporter-output>
        </test-method> <!-- setup -->
        <test-method status="FAIL" signature="Checkrowcount()[pri:0, instance:Adduserdetails.AddUserPage@bd1b6a]" name="Checkrowcount" duration-ms="39" started-at="2020-08-18T11:42:45Z" finished-at="2020-08-18T11:42:45Z">
          <exception class="java.lang.NullPointerException">
            <full-stacktrace>
              <![CDATA[java.lang.NullPointerException
	at com.qa.util.Utility.getRowCount(Utility.java:38)
	at Adduserdetails.AddUserPage.Checkrowcount(AddUserPage.java:57)
	at sun.reflect.NativeMethodAccessorImpl.invoke0(Native Method)
	at sun.reflect.NativeMethodAccessorImpl.invoke(Unknown Source)
	at sun.reflect.DelegatingMethodAccessorImpl.invoke(Unknown Source)
	at java.lang.reflect.Method.invoke(Unknown Source)
	at org.testng.internal.MethodInvocationHelper.invokeMethod(MethodInvocationHelper.java:108)
	at org.testng.internal.Invoker.invokeMethod(Invoker.java:661)
	at org.testng.internal.Invoker.invokeTestMethod(Invoker.java:869)
	at org.testng.internal.Invoker.invokeTestMethods(Invoker.java:1193)
	at org.testng.internal.TestMethodWorker.invokeTestMethods(TestMethodWorker.java:126)
	at org.testng.internal.TestMethodWorker.run(TestMethodWorker.java:109)
	at org.testng.TestRunner.privateRun(TestRunner.java:744)
	at org.testng.TestRunner.run(TestRunner.java:602)
	at org.testng.SuiteRunner.runTest(SuiteRunner.java:380)
	at org.testng.SuiteRunner.runSequentially(SuiteRunner.java:375)
	at org.testng.SuiteRunner.privateRun(SuiteRunner.java:340)
	at org.testng.SuiteRunner.run(SuiteRunner.java:289)
	at org.testng.SuiteRunnerWorker.runSuite(SuiteRunnerWorker.java:52)
	at org.testng.SuiteRunnerWorker.run(SuiteRunnerWorker.java:86)
	at org.testng.TestNG.runSuitesSequentially(TestNG.java:1301)
	at org.testng.TestNG.runSuitesLocally(TestNG.java:1226)
	at org.testng.TestNG.runSuites(TestNG.java:1144)
	at org.testng.TestNG.run(TestNG.java:1115)
	at org.testng.remote.AbstractRemoteTestNG.run(AbstractRemoteTestNG.java:126)
	at org.testng.remote.RemoteTestNG.initAndRun(RemoteTestNG.java:137)
	at org.testng.remote.RemoteTestNG.main(RemoteTestNG.java:58)
]]>
            </full-stacktrace>
          </exception> <!-- java.lang.NullPointerException -->
          <reporter-output>
          </reporter-output>
        </test-method> <!-- Checkrowcount -->
      </class> <!-- Adduserdetails.AddUserPage -->
    </test> <!-- Default test -->
  </suite> <!-- Default suite -->
</testng-results>
